<?xml version="1.0" encoding="UTF-8"?>
<!-- Generated by org.testng.reporters.JUnitReportReporter -->
<testsuite hostname="DESKTOP-FLAOSQM" failures="0" tests="2" name="testNGDiscussion.InclusionAndExclusion" time="0.019" errors="0" timestamp="2024-01-21T17:19:50 IST" skipped="0">
  <testcase classname="testNGDiscussion.InclusionAndExclusion" name="Test1" time="0.011"/>
  <testcase classname="testNGDiscussion.InclusionAndExclusion" name="Test3" time="0.008"/>
</testsuite> <!-- testNGDiscussion.InclusionAndExclusion -->
