<?xml version="1.0" encoding="UTF-8"?>
<!-- Generated by org.testng.reporters.JUnitReportReporter -->
<testsuite hostname="DESKTOP-FLAOSQM" failures="0" tests="3" name="testNGDiscussion.ParallerTest1" time="26.924" errors="0" timestamp="2024-01-24T20:52:09 IST" skipped="0">
  <testcase classname="testNGDiscussion.ParallerTest1" name="browserSelection2" time="7.229"/>
  <testcase classname="testNGDiscussion.ParallerTest1" name="browserSelection3" time="12.150"/>
  <testcase classname="testNGDiscussion.ParallerTest1" name="browserSelection" time="7.545"/>
</testsuite> <!-- testNGDiscussion.ParallerTest1 -->
