<?xml version="1.0" encoding="UTF-8"?>
<!-- Generated by org.testng.reporters.JUnitReportReporter -->
<testsuite hostname="DESKTOP-FLAOSQM" failures="0" tests="1" name="testNGDiscussion.LoginToOrangeHRM" time="31.710" errors="0" timestamp="2024-01-26T09:57:02 IST" skipped="0">
  <testcase classname="testNGDiscussion.LoginToOrangeHRM" name="Login" time="31.710"/>
</testsuite> <!-- testNGDiscussion.LoginToOrangeHRM -->
