<?xml version="1.0" encoding="UTF-8"?>
<!-- Generated by org.testng.reporters.JUnitReportReporter -->
<testsuite hostname="DESKTOP-FLAOSQM" failures="0" tests="2" name="testNGDiscussion.ParametersIInTestNG" time="3.617" errors="0" timestamp="2024-01-24T19:39:00 IST" skipped="0">
  <testcase classname="testNGDiscussion.ParametersIInTestNG" name="browserSelection" time="3.611"/>
  <testcase classname="testNGDiscussion.ParametersIInTestNG" name="buildInfo" time="0.006"/>
</testsuite> <!-- testNGDiscussion.ParametersIInTestNG -->
