<?xml version="1.0" encoding="UTF-8"?>
<!-- Generated by org.testng.reporters.JUnitReportReporter -->
<testsuite hostname="DESKTOP-FLAOSQM" failures="0" tests="1" name="testNGDiscussion.ParallelTestBrowser2" time="61.997" errors="0" timestamp="2024-01-26T09:09:13 IST" skipped="0">
  <testcase classname="testNGDiscussion.ParallelTestBrowser2" name="Login" time="61.997"/>
</testsuite> <!-- testNGDiscussion.ParallelTestBrowser2 -->
