<?xml version="1.0" encoding="UTF-8"?>
<!-- Generated by org.testng.reporters.JUnitReportReporter -->
<testsuite hostname="DESKTOP-FLAOSQM" failures="0" tests="1" name="testNGDiscussion.ParallelTestBrowser1" time="35.577" errors="0" timestamp="2024-01-26T09:09:13 IST" skipped="0">
  <testcase classname="testNGDiscussion.ParallelTestBrowser1" name="Login" time="35.577"/>
</testsuite> <!-- testNGDiscussion.ParallelTestBrowser1 -->
