<?xml version="1.0" encoding="UTF-8"?>
<!-- Generated by org.testng.reporters.JUnitReportReporter -->
<testsuite hostname="DESKTOP-FLAOSQM" failures="0" tests="2" name="testNGDiscussion.GroupsOfTestCases" time="0.023" errors="0" timestamp="2024-01-21T17:31:20 IST" skipped="0">
  <testcase classname="testNGDiscussion.GroupsOfTestCases" name="Smoke" time="0.005"/>
  <testcase classname="testNGDiscussion.GroupsOfTestCases" name="Sanity" time="0.018"/>
</testsuite> <!-- testNGDiscussion.GroupsOfTestCases -->
