<?xml version="1.0" encoding="UTF-8"?>
<!-- Generated by org.testng.reporters.JUnitReportReporter -->
<testsuite hostname="DESKTOP-FLAOSQM" failures="0" tests="2" name="testNGDiscussion.LogOutOrangeHRM" time="30.318" errors="0" timestamp="2024-01-26T13:14:22 IST" skipped="0">
  <testcase classname="testNGDiscussion.LogOutOrangeHRM" name="Login" time="26.430"/>
  <testcase classname="testNGDiscussion.LogOutOrangeHRM" name="Logout" time="3.888"/>
</testsuite> <!-- testNGDiscussion.LogOutOrangeHRM -->
