<?xml version="1.0" encoding="UTF-8"?>
<!-- Generated by org.testng.reporters.JUnitReportReporter -->
<testsuite hostname="DESKTOP-FLAOSQM" failures="0" tests="1" name="testNGDiscussion.LoginWithExtentReport" time="20.659" errors="0" timestamp="2024-01-19T19:02:34 IST" skipped="0">
  <testcase classname="testNGDiscussion.LoginWithExtentReport" name="testLoginWithValidCredentials" time="20.659"/>
</testsuite> <!-- testNGDiscussion.LoginWithExtentReport -->
