<?xml version="1.0" encoding="UTF-8"?>
<!-- Generated by org.testng.reporters.JUnitReportReporter -->
<testsuite hostname="DESKTOP-FLAOSQM" failures="0" tests="1" name="testNGDiscussion.ParallelTest2" time="14.616" errors="0" timestamp="2024-01-24T20:52:09 IST" skipped="0">
  <testcase classname="testNGDiscussion.ParallelTest2" name="browserSelection3" time="14.616"/>
</testsuite> <!-- testNGDiscussion.ParallelTest2 -->
